d:\astudy\c\tdgame\demo\x64\release\vc143.pdb
d:\astudy\c\tdgame\demo\x64\release\main.obj
d:\astudy\c\tdgame\x64\release\sdl2.dll
d:\astudy\c\tdgame\x64\release\sdl2_gfx.dll
d:\astudy\c\tdgame\x64\release\sdl2_image.dll
d:\astudy\c\tdgame\x64\release\libpng16.dll
d:\astudy\c\tdgame\x64\release\zlib1.dll
d:\astudy\c\tdgame\x64\release\sdl2_mixer.dll
d:\astudy\c\tdgame\x64\release\vorbisfile.dll
d:\astudy\c\tdgame\x64\release\vorbis.dll
d:\astudy\c\tdgame\x64\release\ogg.dll
d:\astudy\c\tdgame\x64\release\mpg123.dll
d:\astudy\c\tdgame\x64\release\wavpackdll.dll
d:\astudy\c\tdgame\x64\release\sdl2_ttf.dll
d:\astudy\c\tdgame\x64\release\freetype.dll
d:\astudy\c\tdgame\x64\release\bz2.dll
d:\astudy\c\tdgame\x64\release\brotlidec.dll
d:\astudy\c\tdgame\x64\release\brotlicommon.dll
d:\astudy\c\tdgame\x64\release\cjson.dll
d:\astudy\c\tdgame\x64\release\demo.exe
d:\astudy\c\tdgame\x64\release\demo.pdb
d:\astudy\c\tdgame\demo\x64\release\demo.ipdb
d:\astudy\c\tdgame\demo\x64\release\demo.iobj
d:\astudy\c\tdgame\demo\x64\release\demo.tlog\cl.command.1.tlog
d:\astudy\c\tdgame\demo\x64\release\demo.tlog\cl.items.tlog
d:\astudy\c\tdgame\demo\x64\release\demo.tlog\cl.read.1.tlog
d:\astudy\c\tdgame\demo\x64\release\demo.tlog\cl.write.1.tlog
d:\astudy\c\tdgame\demo\x64\release\demo.tlog\demo.write.1u.tlog
d:\astudy\c\tdgame\demo\x64\release\demo.tlog\link.command.1.tlog
d:\astudy\c\tdgame\demo\x64\release\demo.tlog\link.read.1.tlog
d:\astudy\c\tdgame\demo\x64\release\demo.tlog\link.secondary.1.tlog
d:\astudy\c\tdgame\demo\x64\release\demo.tlog\link.write.1.tlog
